<?xml version="1.0" encoding="UTF-8" ?>
<testsuite tests="1" failures="0" name="hk.ust.csit5970.AppTest" time="0.001" errors="0" skipped="0">
  <properties>
    <property name="idea.version" value="2024.1.6"/>
    <property name="java.runtime.name" value="OpenJDK Runtime Environment"/>
    <property name="java.vm.version" value="17.0.10+7-LTS"/>
    <property name="sun.boot.library.path" value="C:\Program Files\Microsoft\jdk-17.0.10.7-hotspot\bin"/>
    <property name="maven.multiModuleProjectDirectory" value="D:\作业\24Fall\Assign\5970\Assign2\assignment2-zhan9yx"/>
    <property name="java.vm.vendor" value="Microsoft"/>
    <property name="java.vendor.url" value="https://www.microsoft.com"/>
    <property name="guice.disable.misplaced.annotation.check" value="true"/>
    <property name="path.separator" value=";"/>
    <property name="java.vm.name" value="OpenJDK 64-Bit Server VM"/>
    <property name="sun.os.patch.level" value=""/>
    <property name="user.script" value=""/>
    <property name="user.country" value="CN"/>
    <property name="sun.java.launcher" value="SUN_STANDARD"/>
    <property name="java.vm.specification.name" value="Java Virtual Machine Specification"/>
    <property name="user.dir" value="D:\作业\24Fall\Assign\5970\Assign2\assignment2-zhan9yx"/>
    <property name="java.vm.compressedOopsMode" value="Zero based"/>
    <property name="java.runtime.version" value="17.0.10+7-LTS"/>
    <property name="os.arch" value="amd64"/>
    <property name="java.io.tmpdir" value="C:\Users\10974\AppData\Local\Temp\"/>
    <property name="line.separator" value="
"/>
    <property name="java.vm.specification.vendor" value="Oracle Corporation"/>
    <property name="user.variant" value=""/>
    <property name="os.name" value="Windows 11"/>
    <property name="maven.ext.class.path" value="D:\Idea\IntelliJ IDEA 2024.1.6\plugins\maven\lib\maven-event-listener.jar"/>
    <property name="classworlds.conf" value="D:\Develop\apache-maven-3.6.1\bin\m2.conf"/>
    <property name="sun.jnu.encoding" value="GBK"/>
    <property name="java.library.path" value="C:\Program Files\Microsoft\jdk-17.0.10.7-hotspot\bin;C:\Windows\Sun\Java\bin;C:\Windows\system32;C:\Windows;D:\Linux\bin\;D:\CUDA\bin;D:\CUDA\libnvvp;C:\Program Files\Microsoft\jdk-17.0.10.7-hotspot\bin;C:\Program Files (x86)\Common Files\Oracle\Java\javapath;C:\Windows\system32;C:\Windows;C:\Windows\System32\Wbem;C:\Windows\System32\WindowsPowerShell\v1.0\;C:\Windows\System32\OpenSSH\;C:\Program Files (x86)\NVIDIA Corporation\PhysX\Common;C:\Program Files\NVIDIA Corporation\NVIDIA NvDLISR;C:\Program Files\dotnet\;C:\Program Files\Bandizip\;C:\ProgramData\Anaconda3;C:\ProgramData\Anaconda3\Scripts;C:\ProgramData\Anaconda3\Library\bin;C:\ProgramData\Anaconda3\Library\usr\bin;C:\ProgramData\Anaconda3\Library\mingw-w64\bin;&quot;;C:\Windows\system32;C:\Windows;C:\Windows\System32\Wbem;C:\Windows\SysWOW64&quot;;C:\Program Files\NVIDIA Corporation\Nsight Compute 2022.3.0\;D:\CUDA\lib;D:\CUDA\include;D:\Develop\notepad++;D:\Develop\mysql\mysql-8.0.31-winx64\bin;D:\Develop\微信web开发者工具\dll;%FNM_D;R%;D:\Develop\nvm\nvm;D:\Develop\nvm\nvm\v20.17.0;C:\Program Files\Git\cmd;D:\CUDA\bin;D:\CUDA\libnvvp;C:\Program Files\Microsoft\jdk-17.0.10.7-hotspot\bin;C:\Program Files (x86)\Common Files\Oracle\Java\javapath;C:\Windows\system32;C:\Windows;C:\Windows\System32\Wbem;C:\Windows\System32\WindowsPowerShell\v1.0\;C:\Windows\System32\OpenSSH\;C:\Program Files (x86)\NVIDIA Corporation\PhysX\Common;C:\Program Files\NVIDIA Corporation\NVIDIA NvDLISR;C:\Program Files\dotnet\;C:\Program Files\Bandizip\;C:\ProgramData\Anaconda3;C:\ProgramData\Anaconda3\Scripts;C:\ProgramData\Anaconda3\Library\bin;C:\ProgramData\Anaconda3\Library\usr\bin;C:\ProgramData\Anaconda3\Library\mingw-w64\bin;C:\Windows\system32;C:\Windows;C:\Windows\System32\Wbem;C:\Windows\SysWOW64;C:\Program Files\NVIDIA Corporation\Nsight Compute 2022.3.0\;D:\CUDA\lib;D:\CUDA\include;C:\Users\10974\AppData\Local\Microsoft\WindowsApps;D:\Idea\IntelliJ IDEA Community Edition 2023.3.3\bin;D:\PyCharm Community Edition 2023.3.4\bin;C:\ProgramData\Anaconda3\Scripts;D:\Develop\apache-maven-3.6.1\bin;D:\Idea\IntelliJ IDEA 2024.1.6\bin;D:\Develop\cpolar\;C:\Users\10974\AppData\Local\Microsoft\WinGet\Packages\Schniz.fnm_Microsoft.Winget.Source_8wekyb3d8bbwe;C:\Users\10974\AppData\Roaming\npm;C:\Users\10974\.cache\lm-studio\bin;D:\VSCode\Microsoft VS Code\bin;D:\Develop\nvm\nvm;D:\Develop\nvm\nvm\v20.17.0;;."/>
    <property name="jansi.passthrough" value="true"/>
    <property name="maven.conf" value="D:\Develop\apache-maven-3.6.1/conf"/>
    <property name="jdk.debug" value="release"/>
    <property name="java.class.version" value="61.0"/>
    <property name="java.specification.name" value="Java Platform API Specification"/>
    <property name="sun.management.compiler" value="HotSpot 64-Bit Tiered Compilers"/>
    <property name="maven.repo.local" value="D:\Develop\apache-maven-3.6.1\mvn_repo"/>
    <property name="os.version" value="10.0"/>
    <property name="user.home" value="C:\Users\10974"/>
    <property name="user.timezone" value="Asia/Shanghai"/>
    <property name="file.encoding" value="UTF-8"/>
    <property name="java.specification.version" value="17"/>
    <property name="user.name" value="10974"/>
    <property name="java.class.path" value="D:\Develop\apache-maven-3.6.1\boot\plexus-classworlds-2.6.0.jar"/>
    <property name="java.vm.specification.version" value="17"/>
    <property name="sun.arch.data.model" value="64"/>
    <property name="sun.java.command" value="org.codehaus.classworlds.Launcher -Didea.version=2024.1.6 -s D:\Develop\apache-maven-3.6.1\conf\settings.xml -Dmaven.repo.local=D:\Develop\apache-maven-3.6.1\mvn_repo package"/>
    <property name="java.home" value="C:\Program Files\Microsoft\jdk-17.0.10.7-hotspot"/>
    <property name="user.language" value="zh"/>
    <property name="java.specification.vendor" value="Oracle Corporation"/>
    <property name="java.vm.info" value="mixed mode, sharing"/>
    <property name="java.version" value="17.0.10"/>
    <property name="native.encoding" value="GBK"/>
    <property name="java.vendor" value="Microsoft"/>
    <property name="maven.home" value="D:\Develop\apache-maven-3.6.1"/>
    <property name="file.separator" value="\"/>
    <property name="java.version.date" value="2024-01-16"/>
    <property name="java.vendor.url.bug" value="https://github.com/microsoft/openjdk/issues"/>
    <property name="sun.io.unicode.encoding" value="UnicodeLittle"/>
    <property name="sun.cpu.endian" value="little"/>
    <property name="java.vendor.version" value="Microsoft-8902769"/>
    <property name="sun.cpu.isalist" value="amd64"/>
  </properties>
  <testcase classname="hk.ust.csit5970.AppTest" name="testApp" time="0.001"/>
</testsuite>